<?xml version="1.0" encoding="UTF-8"?>
<coverage generated="1682461092825" clover="3.2.0">
  <project timestamp="1682461092825" name="All files">
    <metrics statements="87" coveredstatements="85" conditionals="28" coveredconditionals="26" methods="21" coveredmethods="21" elements="136" coveredelements="132" complexity="0" loc="87" ncloc="87" packages="1" files="2" classes="2"/>
    <file name="BinarySearchTree.ts" path="/Users/bdirheimer/json-data-store/src/BinarySearchTree.ts">
      <metrics statements="46" coveredstatements="46" conditionals="24" coveredconditionals="24" methods="9" coveredmethods="9"/>
      <line num="2" count="2" type="stmt"/>
      <line num="9" count="46" type="stmt"/>
      <line num="10" count="46" type="stmt"/>
      <line num="11" count="46" type="stmt"/>
      <line num="12" count="46" type="stmt"/>
      <line num="20" count="23" type="stmt"/>
      <line num="24" count="46" type="cond" truecount="2" falsecount="0"/>
      <line num="25" count="17" type="stmt"/>
      <line num="27" count="29" type="stmt"/>
      <line num="32" count="42" type="cond" truecount="2" falsecount="0"/>
      <line num="33" count="16" type="cond" truecount="2" falsecount="0"/>
      <line num="34" count="10" type="stmt"/>
      <line num="36" count="6" type="stmt"/>
      <line num="39" count="26" type="cond" truecount="2" falsecount="0"/>
      <line num="40" count="19" type="stmt"/>
      <line num="42" count="7" type="stmt"/>
      <line num="48" count="28" type="stmt"/>
      <line num="49" count="28" type="cond" truecount="2" falsecount="0"/>
      <line num="53" count="58" type="cond" truecount="4" falsecount="0"/>
      <line num="54" count="28" type="stmt"/>
      <line num="55" count="30" type="cond" truecount="2" falsecount="0"/>
      <line num="56" count="11" type="stmt"/>
      <line num="58" count="19" type="stmt"/>
      <line num="63" count="10" type="stmt"/>
      <line num="67" count="20" type="cond" truecount="1" falsecount="0"/>
      <line num="68" count="1" type="stmt"/>
      <line num="71" count="19" type="cond" truecount="2" falsecount="0"/>
      <line num="72" count="2" type="stmt"/>
      <line num="73" count="2" type="stmt"/>
      <line num="74" count="17" type="cond" truecount="2" falsecount="0"/>
      <line num="75" count="5" type="stmt"/>
      <line num="76" count="5" type="stmt"/>
      <line num="79" count="12" type="cond" truecount="2" falsecount="0"/>
      <line num="80" count="8" type="stmt"/>
      <line num="81" count="4" type="cond" truecount="1" falsecount="0"/>
      <line num="82" count="1" type="stmt"/>
      <line num="87" count="3" type="stmt"/>
      <line num="88" count="3" type="stmt"/>
      <line num="89" count="3" type="stmt"/>
      <line num="92" count="3" type="stmt"/>
      <line num="93" count="3" type="stmt"/>
      <line num="98" count="3" type="stmt"/>
      <line num="99" count="3" type="stmt"/>
      <line num="100" count="1" type="stmt"/>
      <line num="102" count="3" type="stmt"/>
      <line num="106" count="2" type="stmt"/>
    </file>
    <file name="index.ts" path="/Users/bdirheimer/json-data-store/src/index.ts">
      <metrics statements="41" coveredstatements="39" conditionals="4" coveredconditionals="2" methods="12" coveredmethods="12"/>
      <line num="2" count="1" type="stmt"/>
      <line num="3" count="1" type="stmt"/>
      <line num="4" count="1" type="stmt"/>
      <line num="27" count="14" type="stmt"/>
      <line num="28" count="14" type="stmt"/>
      <line num="29" count="14" type="stmt"/>
      <line num="30" count="14" type="stmt"/>
      <line num="31" count="14" type="stmt"/>
      <line num="35" count="14" type="cond" truecount="1" falsecount="0"/>
      <line num="36" count="4" type="stmt"/>
      <line num="41" count="14" type="stmt"/>
      <line num="42" count="14" type="stmt"/>
      <line num="43" count="14" type="stmt"/>
      <line num="44" count="14" type="stmt"/>
      <line num="45" count="14" type="stmt"/>
      <line num="46" count="2" type="stmt"/>
      <line num="49" count="0" type="cond" truecount="0" falsecount="2"/>
      <line num="52" count="0" type="stmt"/>
      <line num="55" count="14" type="stmt"/>
      <line num="59" count="14" type="stmt"/>
      <line num="60" count="14" type="stmt"/>
      <line num="61" count="2" type="stmt"/>
      <line num="63" count="14" type="stmt"/>
      <line num="67" count="20" type="stmt"/>
      <line num="68" count="20" type="stmt"/>
      <line num="69" count="35" type="stmt"/>
      <line num="71" count="20" type="stmt"/>
      <line num="78" count="108" type="cond" truecount="1" falsecount="0"/>
      <line num="79" count="37" type="stmt"/>
      <line num="80" count="37" type="stmt"/>
      <line num="81" count="37" type="stmt"/>
      <line num="86" count="14" type="stmt"/>
      <line num="90" count="17" type="stmt"/>
      <line num="91" count="17" type="stmt"/>
      <line num="92" count="17" type="stmt"/>
      <line num="96" count="3" type="stmt"/>
      <line num="97" count="3" type="stmt"/>
      <line num="98" count="3" type="stmt"/>
      <line num="102" count="20" type="stmt"/>
      <line num="103" count="20" type="stmt"/>
      <line num="107" count="1" type="stmt"/>
    </file>
  </project>
</coverage>
