{"/Users/bdirheimer/json-data-store/src/BinarySearchTree.ts": {"path":"/Users/bdirheimer/json-data-store/src/BinarySearchTree.ts","statementMap":{"0":{"start":{"line":9,"column":4},"end":{"line":9,"column":19}},"1":{"start":{"line":10,"column":4},"end":{"line":10,"column":23}},"2":{"start":{"line":11,"column":4},"end":{"line":11,"column":21}},"3":{"start":{"line":12,"column":4},"end":{"line":12,"column":22}},"4":{"start":{"line":2,"column":0},"end":{"line":2,"column":13}},"5":{"start":{"line":20,"column":4},"end":{"line":20,"column":21}},"6":{"start":{"line":24,"column":4},"end":{"line":28,"column":null}},"7":{"start":{"line":25,"column":6},"end":{"line":25,"column":43}},"8":{"start":{"line":27,"column":6},"end":{"line":27,"column":45}},"9":{"start":{"line":32,"column":4},"end":{"line":44,"column":null}},"10":{"start":{"line":33,"column":6},"end":{"line":37,"column":null}},"11":{"start":{"line":34,"column":8},"end":{"line":34,"column":45}},"12":{"start":{"line":36,"column":8},"end":{"line":36,"column":47}},"13":{"start":{"line":39,"column":6},"end":{"line":43,"column":null}},"14":{"start":{"line":40,"column":8},"end":{"line":40,"column":46}},"15":{"start":{"line":42,"column":8},"end":{"line":42,"column":48}},"16":{"start":{"line":48,"column":17},"end":{"line":48,"column":44}},"17":{"start":{"line":49,"column":4},"end":{"line":49,"column":36}},"18":{"start":{"line":53,"column":4},"end":{"line":59,"column":null}},"19":{"start":{"line":54,"column":6},"end":{"line":54,"column":18}},"20":{"start":{"line":55,"column":11},"end":{"line":59,"column":null}},"21":{"start":{"line":56,"column":6},"end":{"line":56,"column":41}},"22":{"start":{"line":58,"column":6},"end":{"line":58,"column":42}},"23":{"start":{"line":63,"column":4},"end":{"line":63,"column":48}},"24":{"start":{"line":67,"column":4},"end":{"line":69,"column":null}},"25":{"start":{"line":68,"column":6},"end":{"line":68,"column":18}},"26":{"start":{"line":71,"column":4},"end":{"line":94,"column":null}},"27":{"start":{"line":72,"column":6},"end":{"line":72,"column":50}},"28":{"start":{"line":73,"column":6},"end":{"line":73,"column":18}},"29":{"start":{"line":74,"column":11},"end":{"line":94,"column":null}},"30":{"start":{"line":75,"column":6},"end":{"line":75,"column":52}},"31":{"start":{"line":76,"column":6},"end":{"line":76,"column":18}},"32":{"start":{"line":79,"column":6},"end":{"line":83,"column":null}},"33":{"start":{"line":80,"column":8},"end":{"line":80,"column":26}},"34":{"start":{"line":81,"column":13},"end":{"line":83,"column":null}},"35":{"start":{"line":82,"column":8},"end":{"line":82,"column":25}},"36":{"start":{"line":87,"column":27},"end":{"line":87,"column":56}},"37":{"start":{"line":88,"column":6},"end":{"line":88,"column":34}},"38":{"start":{"line":89,"column":6},"end":{"line":89,"column":38}},"39":{"start":{"line":92,"column":6},"end":{"line":92,"column":65}},"40":{"start":{"line":93,"column":6},"end":{"line":93,"column":18}},"41":{"start":{"line":98,"column":18},"end":{"line":98,"column":22}},"42":{"start":{"line":99,"column":4},"end":{"line":101,"column":null}},"43":{"start":{"line":100,"column":6},"end":{"line":100,"column":29}},"44":{"start":{"line":102,"column":4},"end":{"line":102,"column":19}},"45":{"start":{"line":106,"column":0},"end":{"line":106,"column":32}}},"fnMap":{"0":{"name":"(anonymous_0)","decl":{"start":{"line":8,"column":2},"end":{"line":8,"column":14}},"loc":{"start":{"line":8,"column":37},"end":{"line":13,"column":3}}},"1":{"name":"(anonymous_1)","decl":{"start":{"line":19,"column":2},"end":{"line":19,"column":null}},"loc":{"start":{"line":19,"column":2},"end":{"line":21,"column":3}}},"2":{"name":"(anonymous_2)","decl":{"start":{"line":23,"column":2},"end":{"line":23,"column":8}},"loc":{"start":{"line":23,"column":32},"end":{"line":29,"column":3}}},"3":{"name":"(anonymous_3)","decl":{"start":{"line":31,"column":10},"end":{"line":31,"column":20}},"loc":{"start":{"line":31,"column":60},"end":{"line":45,"column":3}}},"4":{"name":"(anonymous_4)","decl":{"start":{"line":47,"column":2},"end":{"line":47,"column":5}},"loc":{"start":{"line":47,"column":17},"end":{"line":50,"column":3}}},"5":{"name":"(anonymous_5)","decl":{"start":{"line":52,"column":10},"end":{"line":52,"column":16}},"loc":{"start":{"line":52,"column":51},"end":{"line":60,"column":3}}},"6":{"name":"(anonymous_6)","decl":{"start":{"line":62,"column":2},"end":{"line":62,"column":8}},"loc":{"start":{"line":62,"column":20},"end":{"line":64,"column":3}}},"7":{"name":"(anonymous_7)","decl":{"start":{"line":66,"column":10},"end":{"line":66,"column":20}},"loc":{"start":{"line":66,"column":55},"end":{"line":95,"column":3}}},"8":{"name":"(anonymous_8)","decl":{"start":{"line":97,"column":10},"end":{"line":97,"column":22}},"loc":{"start":{"line":97,"column":37},"end":{"line":103,"column":3}}}},"branchMap":{"0":{"loc":{"start":{"line":24,"column":4},"end":{"line":28,"column":null}},"type":"if","locations":[{"start":{"line":24,"column":4},"end":{"line":28,"column":null}},{"start":{"line":26,"column":11},"end":{"line":28,"column":null}}]},"1":{"loc":{"start":{"line":32,"column":4},"end":{"line":44,"column":null}},"type":"if","locations":[{"start":{"line":32,"column":4},"end":{"line":44,"column":null}},{"start":{"line":38,"column":11},"end":{"line":44,"column":null}}]},"2":{"loc":{"start":{"line":33,"column":6},"end":{"line":37,"column":null}},"type":"if","locations":[{"start":{"line":33,"column":6},"end":{"line":37,"column":null}},{"start":{"line":35,"column":13},"end":{"line":37,"column":null}}]},"3":{"loc":{"start":{"line":39,"column":6},"end":{"line":43,"column":null}},"type":"if","locations":[{"start":{"line":39,"column":6},"end":{"line":43,"column":null}},{"start":{"line":41,"column":13},"end":{"line":43,"column":null}}]},"4":{"loc":{"start":{"line":49,"column":11},"end":{"line":49,"column":35}},"type":"cond-expr","locations":[{"start":{"line":49,"column":18},"end":{"line":49,"column":28}},{"start":{"line":49,"column":31},"end":{"line":49,"column":35}}]},"5":{"loc":{"start":{"line":53,"column":4},"end":{"line":59,"column":null}},"type":"if","locations":[{"start":{"line":53,"column":4},"end":{"line":59,"column":null}},{"start":{"line":55,"column":11},"end":{"line":59,"column":null}}]},"6":{"loc":{"start":{"line":53,"column":8},"end":{"line":53,"column":41}},"type":"binary-expr","locations":[{"start":{"line":53,"column":8},"end":{"line":53,"column":21}},{"start":{"line":53,"column":25},"end":{"line":53,"column":41}}]},"7":{"loc":{"start":{"line":55,"column":11},"end":{"line":59,"column":null}},"type":"if","locations":[{"start":{"line":55,"column":11},"end":{"line":59,"column":null}},{"start":{"line":57,"column":11},"end":{"line":59,"column":null}}]},"8":{"loc":{"start":{"line":67,"column":4},"end":{"line":69,"column":null}},"type":"if","locations":[{"start":{"line":67,"column":4},"end":{"line":69,"column":null}}]},"9":{"loc":{"start":{"line":71,"column":4},"end":{"line":94,"column":null}},"type":"if","locations":[{"start":{"line":71,"column":4},"end":{"line":94,"column":null}},{"start":{"line":74,"column":11},"end":{"line":94,"column":null}}]},"10":{"loc":{"start":{"line":74,"column":11},"end":{"line":94,"column":null}},"type":"if","locations":[{"start":{"line":74,"column":11},"end":{"line":94,"column":null}},{"start":{"line":77,"column":11},"end":{"line":94,"column":null}}]},"11":{"loc":{"start":{"line":79,"column":6},"end":{"line":83,"column":null}},"type":"if","locations":[{"start":{"line":79,"column":6},"end":{"line":83,"column":null}},{"start":{"line":81,"column":13},"end":{"line":83,"column":null}}]},"12":{"loc":{"start":{"line":81,"column":13},"end":{"line":83,"column":null}},"type":"if","locations":[{"start":{"line":81,"column":13},"end":{"line":83,"column":null}}]}},"s":{"0":46,"1":46,"2":46,"3":46,"4":2,"5":23,"6":46,"7":17,"8":29,"9":42,"10":16,"11":10,"12":6,"13":26,"14":19,"15":7,"16":28,"17":28,"18":58,"19":28,"20":30,"21":11,"22":19,"23":10,"24":20,"25":1,"26":19,"27":2,"28":2,"29":17,"30":5,"31":5,"32":12,"33":8,"34":4,"35":1,"36":3,"37":3,"38":3,"39":3,"40":3,"41":3,"42":3,"43":1,"44":3,"45":2},"f":{"0":46,"1":23,"2":46,"3":42,"4":28,"5":58,"6":10,"7":20,"8":3},"b":{"0":[17,29],"1":[16,26],"2":[10,6],"3":[19,7],"4":[21,7],"5":[28,30],"6":[58,51],"7":[11,19],"8":[1],"9":[2,17],"10":[5,12],"11":[8,4],"12":[1]}}
,"/Users/bdirheimer/json-data-store/src/index.ts": {"path":"/Users/bdirheimer/json-data-store/src/index.ts","statementMap":{"0":{"start":{"line":2,"column":0},"end":{"line":2,"column":25}},"1":{"start":{"line":3,"column":0},"end":{"line":3,"column":29}},"2":{"start":{"line":4,"column":0},"end":{"line":4,"column":64}},"3":{"start":{"line":27,"column":20},"end":{"line":27,"column":54}},"4":{"start":{"line":28,"column":4},"end":{"line":28,"column":40}},"5":{"start":{"line":29,"column":4},"end":{"line":29,"column":59}},"6":{"start":{"line":30,"column":4},"end":{"line":30,"column":32}},"7":{"start":{"line":31,"column":4},"end":{"line":31,"column":42}},"8":{"start":{"line":35,"column":4},"end":{"line":37,"column":null}},"9":{"start":{"line":36,"column":6},"end":{"line":36,"column":49}},"10":{"start":{"line":41,"column":16},"end":{"line":41,"column":38}},"11":{"start":{"line":42,"column":4},"end":{"line":54,"column":null}},"12":{"start":{"line":43,"column":26},"end":{"line":43,"column":65}},"13":{"start":{"line":44,"column":23},"end":{"line":44,"column":46}},"14":{"start":{"line":45,"column":6},"end":{"line":47,"column":null}},"15":{"start":{"line":46,"column":8},"end":{"line":46,"column":31}},"16":{"start":{"line":49,"column":6},"end":{"line":53,"column":null}},"17":{"start":{"line":52,"column":8},"end":{"line":52,"column":20}},"18":{"start":{"line":55,"column":4},"end":{"line":55,"column":15}},"19":{"start":{"line":59,"column":16},"end":{"line":59,"column":38}},"20":{"start":{"line":60,"column":4},"end":{"line":62,"column":7}},"21":{"start":{"line":61,"column":6},"end":{"line":61,"column":36}},"22":{"start":{"line":63,"column":4},"end":{"line":63,"column":15}},"23":{"start":{"line":67,"column":37},"end":{"line":67,"column":39}},"24":{"start":{"line":68,"column":4},"end":{"line":70,"column":7}},"25":{"start":{"line":69,"column":6},"end":{"line":69,"column":33}},"26":{"start":{"line":71,"column":4},"end":{"line":71,"column":15}},"27":{"start":{"line":78,"column":4},"end":{"line":82,"column":null}},"28":{"start":{"line":79,"column":6},"end":{"line":79,"column":49}},"29":{"start":{"line":80,"column":6},"end":{"line":80,"column":21}},"30":{"start":{"line":81,"column":6},"end":{"line":81,"column":50}},"31":{"start":{"line":86,"column":4},"end":{"line":86,"column":30}},"32":{"start":{"line":90,"column":4},"end":{"line":90,"column":30}},"33":{"start":{"line":91,"column":4},"end":{"line":91,"column":33}},"34":{"start":{"line":92,"column":4},"end":{"line":92,"column":16}},"35":{"start":{"line":96,"column":4},"end":{"line":96,"column":26}},"36":{"start":{"line":97,"column":4},"end":{"line":97,"column":26}},"37":{"start":{"line":98,"column":4},"end":{"line":98,"column":16}},"38":{"start":{"line":102,"column":21},"end":{"line":102,"column":46}},"39":{"start":{"line":103,"column":4},"end":{"line":103,"column":71}},"40":{"start":{"line":107,"column":0},"end":{"line":107,"column":29}}},"fnMap":{"0":{"name":"(anonymous_7)","decl":{"start":{"line":26,"column":2},"end":{"line":26,"column":14}},"loc":{"start":{"line":26,"column":30},"end":{"line":32,"column":3}}},"1":{"name":"(anonymous_8)","decl":{"start":{"line":34,"column":10},"end":{"line":34,"column":31}},"loc":{"start":{"line":34,"column":47},"end":{"line":38,"column":3}}},"2":{"name":"(anonymous_9)","decl":{"start":{"line":40,"column":10},"end":{"line":40,"column":18}},"loc":{"start":{"line":40,"column":18},"end":{"line":56,"column":3}}},"3":{"name":"(anonymous_10)","decl":{"start":{"line":58,"column":10},"end":{"line":58,"column":19}},"loc":{"start":{"line":58,"column":41},"end":{"line":64,"column":3}}},"4":{"name":"(anonymous_11)","decl":{"start":{"line":60,"column":36},"end":{"line":60,"column":37}},"loc":{"start":{"line":60,"column":45},"end":{"line":62,"column":5}}},"5":{"name":"(anonymous_12)","decl":{"start":{"line":66,"column":10},"end":{"line":66,"column":19}},"loc":{"start":{"line":66,"column":41},"end":{"line":72,"column":3}}},"6":{"name":"(anonymous_13)","decl":{"start":{"line":68,"column":36},"end":{"line":68,"column":37}},"loc":{"start":{"line":68,"column":45},"end":{"line":70,"column":5}}},"7":{"name":"(anonymous_14)","decl":{"start":{"line":74,"column":10},"end":{"line":74,"column":26}},"loc":{"start":{"line":76,"column":38},"end":{"line":83,"column":3}}},"8":{"name":"(anonymous_15)","decl":{"start":{"line":85,"column":9},"end":{"line":85,"column":12}},"loc":{"start":{"line":85,"column":24},"end":{"line":87,"column":3}}},"9":{"name":"(anonymous_16)","decl":{"start":{"line":89,"column":9},"end":{"line":89,"column":12}},"loc":{"start":{"line":89,"column":36},"end":{"line":93,"column":3}}},"10":{"name":"(anonymous_17)","decl":{"start":{"line":95,"column":9},"end":{"line":95,"column":15}},"loc":{"start":{"line":95,"column":27},"end":{"line":99,"column":3}}},"11":{"name":"(anonymous_18)","decl":{"start":{"line":101,"column":10},"end":{"line":101,"column":14}},"loc":{"start":{"line":101,"column":14},"end":{"line":104,"column":3}}}},"branchMap":{"0":{"loc":{"start":{"line":35,"column":4},"end":{"line":37,"column":null}},"type":"if","locations":[{"start":{"line":35,"column":4},"end":{"line":37,"column":null}}]},"1":{"loc":{"start":{"line":49,"column":6},"end":{"line":53,"column":null}},"type":"if","locations":[{"start":{"line":49,"column":6},"end":{"line":53,"column":null}},{"start":{"line":51,"column":13},"end":{"line":53,"column":null}}]},"2":{"loc":{"start":{"line":78,"column":4},"end":{"line":82,"column":null}},"type":"if","locations":[{"start":{"line":78,"column":4},"end":{"line":82,"column":null}}]}},"s":{"0":1,"1":1,"2":1,"3":14,"4":14,"5":14,"6":14,"7":14,"8":14,"9":4,"10":14,"11":14,"12":14,"13":14,"14":14,"15":2,"16":0,"17":0,"18":14,"19":14,"20":14,"21":2,"22":14,"23":20,"24":20,"25":35,"26":20,"27":108,"28":37,"29":37,"30":37,"31":14,"32":17,"33":17,"34":17,"35":3,"36":3,"37":3,"38":20,"39":20,"40":1},"f":{"0":14,"1":14,"2":14,"3":14,"4":2,"5":20,"6":35,"7":108,"8":14,"9":17,"10":3,"11":20},"b":{"0":[4],"1":[0,0],"2":[37]}}
}
