TN:
SF:src/BinarySearchTree.ts
FN:8,(anonymous_0)
FN:19,(anonymous_1)
FN:23,(anonymous_2)
FN:31,(anonymous_3)
FN:47,(anonymous_4)
FN:52,(anonymous_5)
FN:62,(anonymous_6)
FN:66,(anonymous_7)
FN:97,(anonymous_8)
FNF:9
FNH:9
FNDA:46,(anonymous_0)
FNDA:23,(anonymous_1)
FNDA:46,(anonymous_2)
FNDA:42,(anonymous_3)
FNDA:28,(anonymous_4)
FNDA:58,(anonymous_5)
FNDA:10,(anonymous_6)
FNDA:20,(anonymous_7)
FNDA:3,(anonymous_8)
DA:2,2
DA:9,46
DA:10,46
DA:11,46
DA:12,46
DA:20,23
DA:24,46
DA:25,17
DA:27,29
DA:32,42
DA:33,16
DA:34,10
DA:36,6
DA:39,26
DA:40,19
DA:42,7
DA:48,28
DA:49,28
DA:53,58
DA:54,28
DA:55,30
DA:56,11
DA:58,19
DA:63,10
DA:67,20
DA:68,1
DA:71,19
DA:72,2
DA:73,2
DA:74,17
DA:75,5
DA:76,5
DA:79,12
DA:80,8
DA:81,4
DA:82,1
DA:87,3
DA:88,3
DA:89,3
DA:92,3
DA:93,3
DA:98,3
DA:99,3
DA:100,1
DA:102,3
DA:106,2
LF:46
LH:46
BRDA:24,0,0,17
BRDA:24,0,1,29
BRDA:32,1,0,16
BRDA:32,1,1,26
BRDA:33,2,0,10
BRDA:33,2,1,6
BRDA:39,3,0,19
BRDA:39,3,1,7
BRDA:49,4,0,21
BRDA:49,4,1,7
BRDA:53,5,0,28
BRDA:53,5,1,30
BRDA:53,6,0,58
BRDA:53,6,1,51
BRDA:55,7,0,11
BRDA:55,7,1,19
BRDA:67,8,0,1
BRDA:71,9,0,2
BRDA:71,9,1,17
BRDA:74,10,0,5
BRDA:74,10,1,12
BRDA:79,11,0,8
BRDA:79,11,1,4
BRDA:81,12,0,1
BRF:24
BRH:24
end_of_record
TN:
SF:src/index.ts
FN:26,(anonymous_7)
FN:34,(anonymous_8)
FN:40,(anonymous_9)
FN:58,(anonymous_10)
FN:60,(anonymous_11)
FN:66,(anonymous_12)
FN:68,(anonymous_13)
FN:74,(anonymous_14)
FN:85,(anonymous_15)
FN:89,(anonymous_16)
FN:95,(anonymous_17)
FN:101,(anonymous_18)
FNF:12
FNH:12
FNDA:14,(anonymous_7)
FNDA:14,(anonymous_8)
FNDA:14,(anonymous_9)
FNDA:14,(anonymous_10)
FNDA:2,(anonymous_11)
FNDA:20,(anonymous_12)
FNDA:35,(anonymous_13)
FNDA:108,(anonymous_14)
FNDA:14,(anonymous_15)
FNDA:17,(anonymous_16)
FNDA:3,(anonymous_17)
FNDA:20,(anonymous_18)
DA:2,1
DA:3,1
DA:4,1
DA:27,14
DA:28,14
DA:29,14
DA:30,14
DA:31,14
DA:35,14
DA:36,4
DA:41,14
DA:42,14
DA:43,14
DA:44,14
DA:45,14
DA:46,2
DA:49,0
DA:52,0
DA:55,14
DA:59,14
DA:60,14
DA:61,2
DA:63,14
DA:67,20
DA:68,20
DA:69,35
DA:71,20
DA:78,108
DA:79,37
DA:80,37
DA:81,37
DA:86,14
DA:90,17
DA:91,17
DA:92,17
DA:96,3
DA:97,3
DA:98,3
DA:102,20
DA:103,20
DA:107,1
LF:41
LH:39
BRDA:35,0,0,4
BRDA:49,1,0,0
BRDA:49,1,1,0
BRDA:78,2,0,37
BRF:4
BRH:2
end_of_record
